login successful!
/app 0 nmslslsl
Error: read ECONNRESET

Error [ERR_STREAM_DESTROYED]: Cannot call write after a stream was destroyed

Error [ERR_STREAM_DESTROYED]: Cannot call write after a stream was destroyed

Error [ERR_STREAM_DESTROYED]: Cannot call write after a stream was destroyed

Error [ERR_STREAM_DESTROYED]: Cannot call write after a stream was destroyed

Error [ERR_STREAM_DESTROYED]: Cannot call write after a stream was destroyed
login successful!
/app 0 nmsl
nmzslsaa
/app 0 nmsl nmslslsl
login successful!
/client get \\SD-20191003TOBS\share\0.jpg
login successful!
/client get file://sd-20191003tobs/share/0.jpg
login successful!
/app 0 tryry rty
/app 0 tryry rty
Error: read ECONNRESET
login successful!
/app 0 rtytytyty nmslslslsl
/app 0 rtytytyty nmslslslsl
Error: read ECONNRESET
login successful!
/app 0 nmssssl
/app 0 nmssssl
login successful!
/app 0 nmsl-- read from cmd
login successful!
/app 0 nmsl-ry
/app 0 nmsl-ry
login successful!
/app 0 nmsl
/app 0 nmsl
Error: read ECONNRESET
login successful!
/app 0 nmslslsl
/app 0 nmslslsl
login successful!
/app 0 nmsm
unknown command!
Error: read ECONNRESET
login successful!
/app log nmsl
Error: read ECONNRESET
Error: connect ECONNREFUSED 127.0.0.1:6801
login successful!
/app log tryryry
Error: read ECONNRESET
login successful!
/app log nmsl
Error: read ECONNRESET
login successful!
/app log sryry
Error: read ECONNRESET
login successful!
/app log sryry
/app 0 sryry
login successful!
/app log nmslr rty
Error: read ECONNRESET
login successful!
/app log ssy
/app log ssy
/server close
close in 1 sec
Error: read ECONNRESET
login successful!
/app 0 nmslsl
unknown command!
/app log nmslsl
/app log nmslsl
login successful!
/app log nmsl sl
/app log nmsl sl
/server close
close in 1 sec
Error: read ECONNRESET
login successful!
/app log ty1
/app log ty1
login successful!
login successful!
/app add run
login successful!
/app add run
login successful!
/app add run
login successful!
/app add run
login successful!
/app add 0
login successful!
/app add n
login successful!
/app add 0+0
login successful!
/app add run
login successful!
/app add run
0+5
Error: read ECONNRESET
login successful!
/app add run
login successful!
/app add run
login successful!
/app add run
0 +5
0+5
login successful!
/app add run
login successful!
/app add run
05
/app add end
yes?
wtf
end
yes?
/cls
/app add run
0+5
login successful!
/cls
/app add run
0+5
/app add 5
9+8
/app add 17
9-8
Error: read ECONNRESET
login successful!
/cls
/app add run
5+6
/app add 11
6%5
/app add 1
end
calc succeed
login successful!
login successful!
login successful!
login successful!
/app add run
try
Error: connect ECONNREFUSED 127.0.0.1:6801
login successful!
/app add run
login successful!
/app add run
les
6+8
/app add 14
6+9+8
/app add 23
exit
6+9
/app add 15
1
1
11+5
/app add 16
end
11+5
login successful!
/app add run
5+5
/app add 10
5/0
/app add Infinity
login successful!
/app add run
+5
+10
+=10
login successful!
/app add run
+5
+=5
sd.
Error: read ECONNRESET
login successful!
/app add run
+5
Error: read ECONNRESET
login successful!
/app add run
+5
Error: read ECONNRESET
login successful!
/app add run
+5656
/app add 0
+=5656
+5656
/app add 0
login successful!
/app add run
+5
/app add 0
+=56
/app add 56
-=29
/app add 27
/=9
/app add 3
*=0.1
/app add 0.30000000000000004
*=0
/app add 0
/exit
exit
exit
login successful!
/app add run
+=5
/app add 5
-=10
/app add -5
/=0
/app add -Infinity
*=0
/app add NaN
=0
/app add 0
=2147483647/3
/app add 715827882.3333334
exit
talk
+=5
/cls
/server close
close in 1 sec
Error: read ECONNRESET
login successful!
/app add run
+=5
/app add 715827887.3333334
=0
/app add 0
exit
/cls
/set user_name admin
used name!
/set user_name user1
used name!
/set user_name fhs
user_name set successful!
/set user_name admin
user_name set successful!
/cls
/logout
logout successful!
/login admin fhs
login successful!
/cls
/set user_pasw fff
user_pasw set successful!
/logout
logout successful!
/login admin fhs
wrong username or password!
/login admin fff
wrong username or password!
Error: read ECONNRESET
login successful!
/set user_pasw fhs
user_pasw set successful!
/logout
logout successful!
/login admin fhs
/login admin fhs
wrong username or password!
/login admin fhs
wrong username or password!
/login admin fff
wrong username or password!
/login admin fhs
wrong username or password!
/login user1 user
login successful!
/logout
logout successful!
/cls
/login admin fhs
wrong username or password!
Error: read ECONNRESET
login successful!
/set user_pasw fff
user_pasw set successful!
/logout
logout successful!
/login admin fff
wrong username or password!
/login admin fhs
wrong username or password!
login successful!
/set user_pasw ff
user_pasw set successful!
/logout
logout successful!
/login admin ff
login successful!
/set user_pasw fhs
user_pasw set successful!
/server close
close in 1 sec
Error: read ECONNRESET
login successful!
/logout
logout successful!
exit
login successful!
exit
/cls
/login user1 user
login successful!
dkdk
user1:dkdk
login successful!
/app add run
*=5
/app add 3579139411.666667
=0
/app add 0
exit
/app add 0
+5
message
Error: read ECONNRESET
login successful!
/app add run
+0
/app add 715827882.3333334
=0
/app add 0
login successful!
/app add run
+0
/app add 715827882.3333334
=0
/app add 0
exit
/app add 0
message
login successful!
/app add run
=0
/app add 0
+=1
/app add 1
exit
/app add 1
Error: read ECONNRESET
login successful!
/app add run
=0
/app add 0
exit
Error: read ECONNRESET
login successful!
/app add run
+=5
/app add 5
exit
/app add 5
Error: read ECONNRESET
login successful!
/app add $updata
/app add error:TypeError: app[app[0][app_name]].data.value$updata is not a function
/app add error:SyntaxError: Unexpected token ':'
/app add run
$updata
/app add error:TypeError: app[app[0][app_name]].data.value$updata is not a function
/app add error:SyntaxError: Unexpected token ':'
login successful!
/app add $updata
/app add error:TypeError: app[app[0][app_name]].data.value$updata is not a function
/app add error:SyntaxError: Unexpected token ':'
login successful!
/app add run
+=5
/app add 5
exit
Error: read ECONNRESET
login successful!
/app add run
+=5
/app add 5
exit
Error: read ECONNRESET
login successful!
/app add run
+=5
/app add 5
exit
Error: read ECONNRESET
login successful!
/app add run
+=5
/app add 5
exit
Error: read ECONNRESET
login successful!
/app add run
+=5
/app add 5
exit
login successful!
/app add run
+=5
/app add 5
exit
